<?xml version="1.0" encoding="UTF-8"?>
<testng-results skipped="0" failed="0" ignored="0" total="2" passed="2">
  <reporter-output>
  </reporter-output>
  <suite name="Surefire suite" duration-ms="16855" started-at="2019-09-21T22:48:09Z" finished-at="2019-09-21T22:48:26Z">
    <groups>
    </groups>
    <test name="Surefire test" duration-ms="16855" started-at="2019-09-21T22:48:09Z" finished-at="2019-09-21T22:48:26Z">
      <class name="com.customer.portal.PlanCreationTest">
        <test-method status="PASS" signature="loginTest()[pri:0, instance:com.customer.portal.PlanCreationTest@b3ca52e]" name="loginTest" duration-ms="9974" started-at="2019-09-21T22:48:09Z" finished-at="2019-09-21T22:48:19Z">
          <reporter-output>
          </reporter-output>
        </test-method> <!-- loginTest -->
        <test-method status="PASS" signature="planCreationTest()[pri:0, instance:com.customer.portal.PlanCreationTest@b3ca52e]" name="planCreationTest" duration-ms="6813" started-at="2019-09-21T22:48:19Z" finished-at="2019-09-21T22:48:26Z">
          <reporter-output>
          </reporter-output>
        </test-method> <!-- planCreationTest -->
      </class> <!-- com.customer.portal.PlanCreationTest -->
    </test> <!-- Surefire test -->
  </suite> <!-- Surefire suite -->
</testng-results>
